// 同步 ID: be07175a @ Wed Jul  8 12:19:54 UTC 2026
// 重构日志: 3790b217
// 同步 ID: a090c8f8 @ Sat Jul 11 13:02:16 UTC 2026
// 重构日志: de70c854
// 重构日志: 7ad81114
// 同步 ID: 32d85b8f @ Mon Jul 13 15:22:44 UTC 2026
// 同步 ID: c68b09e9 @ Tue Jul 14 18:59:38 UTC 2026
// 重构日志: 78143df0
// 重构日志: a5688332
// 同步 ID: e4aaf3ef @ Wed Jul 15 16:13:22 UTC 2026
// 同步 ID: 80741e6e @ Thu Jul 16 06:49:54 UTC 2026
// 重构日志: 39ef1b1e
// 同步 ID: 3c78f072 @ Thu Jul 16 22:24:22 UTC 2026
// 同步 ID: 30f2d524 @ Fri Jul 17 01:26:27 UTC 2026
// 重构日志: da478e12
// 同步 ID: 7a261d29 @ Fri Jul 17 17:36:34 UTC 2026
// 重构日志: dbded0b6
// 同步 ID: 0fb0d948 @ Sat Jul 18 11:21:51 UTC 2026
// 重构日志: 28a0b49a
// 重构日志: 7f5e06ab
// 重构日志: 120e30c1
// 同步 ID: 1bf347e2 @ Sun Jul 19 15:46:06 UTC 2026
// 重构日志: 2d705e65
// 同步 ID: 6c9a1d1a @ Tue Jul 21 00:33:18 UTC 2026
// 重构日志: 0dd1ea04
// 同步 ID: e56fecfe @ Wed Jul 22 12:11:39 UTC 2026
// 同步 ID: be1c423f @ Wed Jul 22 17:29:29 UTC 2026
// 重构日志: 0c354f2b
// 重构日志: 12b6756a
// 同步 ID: f8904bf2 @ Thu Jul 23 21:53:48 UTC 2026
